Построение начато 13.03.2018 11:51:58.
     1>Проект "C:\Users\Mikhail\documents\visual studio 2010\Projects\TreinerZI\TreinerZI\TreinerZI.vcxproj" в узле 2 (целевые объекты build).
     1>InitializeBuildStatus:
         Создание "Debug\TreinerZI.unsuccessfulbuild", так как было задано "AlwaysCreate".
       ClCompile:
         Для всех выходных данных обновления не требуется.
         C:\Program Files (x86)\Microsoft Visual Studio 10.0\VC\bin\CL.exe /c /ZI /nologo /W3 /WX- /Od /Oy- /D WIN32 /D _DEBUG /D _CONSOLE /D _UNICODE /D UNICODE /Gm /EHsc /RTC1 /MDd /GS /fp:precise /Zc:wchar_t /Zc:forScope /Yu"StdAfx.h" /Fp"Debug\TreinerZI.pch" /Fo"Debug\\" /Fd"Debug\vc100.pdb" /Gd /TP /analyze- /errorReport:prompt TreinerZI.cpp
         TreinerZI.cpp
       ManifestResourceCompile:
         Для всех выходных данных обновления не требуется.
       Link:
         C:\Program Files (x86)\Microsoft Visual Studio 10.0\VC\bin\link.exe /ERRORREPORT:PROMPT /OUT:"C:\Users\Mikhail\documents\visual studio 2010\Projects\TreinerZI\Debug\TreinerZI.exe" /INCREMENTAL /NOLOGO kernel32.lib user32.lib gdi32.lib winspool.lib comdlg32.lib advapi32.lib shell32.lib ole32.lib oleaut32.lib uuid.lib odbc32.lib odbccp32.lib /MANIFEST /ManifestFile:"Debug\TreinerZI.exe.intermediate.manifest" /MANIFESTUAC:"level='asInvoker' uiAccess='false'" /DEBUG /PDB:"C:\Users\Mikhail\documents\visual studio 2010\Projects\TreinerZI\Debug\TreinerZI.pdb" /SUBSYSTEM:CONSOLE /TLBID:1 /DYNAMICBASE /NXCOMPAT /IMPLIB:"C:\Users\Mikhail\documents\visual studio 2010\Projects\TreinerZI\Debug\TreinerZI.lib" /MACHINE:X86 Debug\TreinerZI.exe.embed.manifest.res
         Debug\stdafx.obj
         Debug\TreinerZI.obj
       Manifest:
         C:\Program Files (x86)\Microsoft SDKs\Windows\v7.0A\bin\mt.exe /nologo /verbose /out:"Debug\TreinerZI.exe.embed.manifest" /manifest Debug\TreinerZI.exe.intermediate.manifest
         Для всех выходных данных обновления не требуется.
       LinkEmbedManifest:
         Для всех выходных данных обновления не требуется.
         TreinerZI.vcxproj -> C:\Users\Mikhail\documents\visual studio 2010\Projects\TreinerZI\Debug\TreinerZI.exe
       FinalizeBuildStatus:
         Файл "Debug\TreinerZI.unsuccessfulbuild" удаляется.
         Обращение к "Debug\TreinerZI.lastbuildstate".
     1>Построение проекта "C:\Users\Mikhail\documents\visual studio 2010\Projects\TreinerZI\TreinerZI\TreinerZI.vcxproj" завершено (целевые объекты build).

Построение успешно завершено.

Затраченное время: 00:00:02.97
