Построение начато 12.03.2018 21:30:36.
     1>Проект "C:\Users\Mikhail\documents\visual studio 2010\Projects\Laba1ZI\Laba1ZI\Laba1ZI.vcxproj" в узле 2 (целевые объекты build).
     1>InitializeBuildStatus:
         Создание "Debug\Laba1ZI.unsuccessfulbuild", так как было задано "AlwaysCreate".
       ClCompile:
         Для всех выходных данных обновления не требуется.
         Для всех выходных данных обновления не требуется.
       ManifestResourceCompile:
         Для всех выходных данных обновления не требуется.
       Link:
         C:\Program Files (x86)\Microsoft Visual Studio 10.0\VC\bin\link.exe /ERRORREPORT:PROMPT /OUT:"C:\Users\Mikhail\documents\visual studio 2010\Projects\Laba1ZI\Debug\Laba1ZI.exe" /INCREMENTAL /NOLOGO kernel32.lib user32.lib gdi32.lib winspool.lib comdlg32.lib advapi32.lib shell32.lib ole32.lib oleaut32.lib uuid.lib odbc32.lib odbccp32.lib /MANIFEST /ManifestFile:"Debug\Laba1ZI.exe.intermediate.manifest" /MANIFESTUAC:"level='asInvoker' uiAccess='false'" /DEBUG /PDB:"C:\Users\Mikhail\documents\visual studio 2010\Projects\Laba1ZI\Debug\Laba1ZI.pdb" /SUBSYSTEM:CONSOLE /TLBID:1 /DYNAMICBASE:NO /NXCOMPAT:NO /IMPLIB:"C:\Users\Mikhail\documents\visual studio 2010\Projects\Laba1ZI\Debug\Laba1ZI.lib" /MACHINE:X86 Debug\Laba1ZI.exe.embed.manifest.res
         Debug\Laba1ZI.obj
         Debug\stdafx.obj
       Manifest:
         C:\Program Files (x86)\Microsoft SDKs\Windows\v7.0A\bin\mt.exe /nologo /verbose /out:"Debug\Laba1ZI.exe.embed.manifest" /manifest Debug\Laba1ZI.exe.intermediate.manifest
         Для всех выходных данных обновления не требуется.
       LinkEmbedManifest:
         Для всех выходных данных обновления не требуется.
         Laba1ZI.vcxproj -> C:\Users\Mikhail\documents\visual studio 2010\Projects\Laba1ZI\Debug\Laba1ZI.exe
       FinalizeBuildStatus:
         Файл "Debug\Laba1ZI.unsuccessfulbuild" удаляется.
         Обращение к "Debug\Laba1ZI.lastbuildstate".
     1>Построение проекта "C:\Users\Mikhail\documents\visual studio 2010\Projects\Laba1ZI\Laba1ZI\Laba1ZI.vcxproj" завершено (целевые объекты build).

Построение успешно завершено.

Затраченное время: 00:00:01.65
